<?xml version="1.0" encoding="UTF-8"?>
<testsuite name="org.example.service.TodoServiceTest" tests="1" skipped="0" failures="0" errors="0" timestamp="2023-03-19T13:25:48" hostname="DESKTOP-B2918CD" time="0.79">
  <properties/>
  <testcase name="searchByIdFailed()" classname="org.example.service.TodoServiceTest" time="0.79"/>
  <system-out><![CDATA[]]></system-out>
  <system-err><![CDATA[]]></system-err>
</testsuite>
